
Xvnc TigerVNC 1.8.0 - built Nov 16 2020 16:47:50
Copyright (C) 1999-2017 TigerVNC Team and many others (see README.txt)
See http://www.tigervnc.org for information on TigerVNC.
Underlying X server release 12004000, The X.Org Foundation


Tue Nov 24 13:08:04 2020
 vncext:      VNC extension running!
 vncext:      Listening for VNC connections on all interface(s), port 5901
 vncext:      created VNC server for screen 0
touch: cannot touch ‘/root/.cache/imsettings/log’: No such file or directory

Tue Nov 24 13:08:09 2020
 ComparingUpdateTracker: 0 pixels in / 0 pixels out
 ComparingUpdateTracker: (1:-nan ratio)

Tue Nov 24 13:08:14 2020
 Connections: accepted: 172.25.0.1::39554
 SConnection: Client needs protocol version 3.8
 SConnection: Client requests security type VncAuth(2)

Tue Nov 24 13:08:24 2020
 VNCSConnST:  Server default pixel format depth 24 (32bpp) little-endian rgb888
 VNCSConnST:  Client pixel format depth 6 (8bpp) rgb222

Tue Nov 24 13:08:53 2020
 VNCSConnST:  Client pixel format depth 24 (32bpp) little-endian rgb888

Tue Nov 24 13:09:05 2020
 Timer:       gettimeofday is broken...
 Timer:       gettimeofday is broken...
 Timer:       gettimeofday is broken...

Tue Nov 24 13:09:11 2020
 Connections: closed: 172.25.0.1::39554 (Clean disconnection)
 EncodeManager: Framebuffer updates: 183
 EncodeManager:   RRE:
 EncodeManager:     Solid: 7 rects, 173.056 kpixels

Tue Nov 24 13:09:12 2020
 EncodeManager:            122 B (1:1519.9 ratio)
 EncodeManager:   Hextile:
 EncodeManager:     Bitmap RLE: 1 rects, 9 pixels
 EncodeManager:                 24 B (1:2 ratio)
 EncodeManager:     Indexed RLE: 3 rects, 9.216 kpixels
 EncodeManager:                  4.7832 KiB (1:7.53369 ratio)
 EncodeManager:     Full Colour: 60 rects, 1.55865 Mpixels
 EncodeManager:                  1.6062 MiB (1:3.70219 ratio)
 EncodeManager:   ZRLE:
 EncodeManager:     Bitmap RLE: 15 rects, 416.792 kpixels
 EncodeManager:                 978 B (1:426.352 ratio)
 EncodeManager:     Indexed RLE: 233 rects, 7.29458 Mpixels
 EncodeManager:                  115.653 KiB (1:61.6182 ratio)
 EncodeManager:     Full Colour: 12 rects, 786.432 kpixels
 EncodeManager:                  527.823 KiB (1:5.8204 ratio)
 EncodeManager:   Total: 331 rects, 10.2387 Mpixels
 EncodeManager:          2.24034 MiB (1:7.37194 ratio)
 ComparingUpdateTracker: 116.994 Mpixels in / 127.372 Mpixels out
 ComparingUpdateTracker: (1:0.918519 ratio)
